

Started GET "/" for 127.0.0.1 at 2013-11-13 21:46:05 +0100

ActiveRecord::PendingMigrationError (Migrations are pending; run 'bin/rake db:migrate RAILS_ENV=development' to resolve this issue.):
  activerecord (4.0.1) lib/active_record/migration.rb:379:in `check_pending!'
  activerecord (4.0.1) lib/active_record/migration.rb:366:in `call'
  actionpack (4.0.1) lib/action_dispatch/middleware/callbacks.rb:29:in `block in call'
  activesupport (4.0.1) lib/active_support/callbacks.rb:373:in `_run__135689633__call__callbacks'
  activesupport (4.0.1) lib/active_support/callbacks.rb:80:in `run_callbacks'
  actionpack (4.0.1) lib/action_dispatch/middleware/callbacks.rb:27:in `call'
  actionpack (4.0.1) lib/action_dispatch/middleware/reloader.rb:64:in `call'
  actionpack (4.0.1) lib/action_dispatch/middleware/remote_ip.rb:76:in `call'
  actionpack (4.0.1) lib/action_dispatch/middleware/debug_exceptions.rb:17:in `call'
  actionpack (4.0.1) lib/action_dispatch/middleware/show_exceptions.rb:30:in `call'
  railties (4.0.1) lib/rails/rack/logger.rb:38:in `call_app'
  railties (4.0.1) lib/rails/rack/logger.rb:20:in `block in call'
  activesupport (4.0.1) lib/active_support/tagged_logging.rb:67:in `block in tagged'
  activesupport (4.0.1) lib/active_support/tagged_logging.rb:25:in `tagged'
  activesupport (4.0.1) lib/active_support/tagged_logging.rb:67:in `tagged'
  railties (4.0.1) lib/rails/rack/logger.rb:20:in `call'
  actionpack (4.0.1) lib/action_dispatch/middleware/request_id.rb:21:in `call'
  rack (1.5.2) lib/rack/methodoverride.rb:21:in `call'
  rack (1.5.2) lib/rack/runtime.rb:17:in `call'
  activesupport (4.0.1) lib/active_support/cache/strategy/local_cache.rb:83:in `call'
  rack (1.5.2) lib/rack/lock.rb:17:in `call'
  actionpack (4.0.1) lib/action_dispatch/middleware/static.rb:64:in `call'
  rack (1.5.2) lib/rack/sendfile.rb:112:in `call'
  railties (4.0.1) lib/rails/engine.rb:511:in `call'
  railties (4.0.1) lib/rails/application.rb:97:in `call'
  rack (1.5.2) lib/rack/lock.rb:17:in `call'
  rack (1.5.2) lib/rack/content_length.rb:14:in `call'
  rack (1.5.2) lib/rack/handler/webrick.rb:60:in `service'
  /home/seba/.rvm/rubies/ruby-2.0.0-p0/lib/ruby/2.0.0/webrick/httpserver.rb:138:in `service'
  /home/seba/.rvm/rubies/ruby-2.0.0-p0/lib/ruby/2.0.0/webrick/httpserver.rb:94:in `run'
  /home/seba/.rvm/rubies/ruby-2.0.0-p0/lib/ruby/2.0.0/webrick/server.rb:295:in `block in start_thread'


  Rendered /home/seba/.rvm/gems/ruby-2.0.0-p0/gems/actionpack-4.0.1/lib/action_dispatch/middleware/templates/rescues/_source.erb (3.7ms)
  Rendered /home/seba/.rvm/gems/ruby-2.0.0-p0/gems/actionpack-4.0.1/lib/action_dispatch/middleware/templates/rescues/_trace.erb (6.6ms)
  Rendered /home/seba/.rvm/gems/ruby-2.0.0-p0/gems/actionpack-4.0.1/lib/action_dispatch/middleware/templates/rescues/_request_and_response.erb (7.2ms)
  Rendered /home/seba/.rvm/gems/ruby-2.0.0-p0/gems/actionpack-4.0.1/lib/action_dispatch/middleware/templates/rescues/diagnostics.erb within rescues/layout (107.1ms)
  [1m[36m (131.0ms)[0m  [1mCREATE TABLE "schema_migrations" ("version" varchar(255) NOT NULL) [0m
  [1m[35m (154.7ms)[0m  CREATE UNIQUE INDEX "unique_schema_migrations" ON "schema_migrations" ("version")
  [1m[36mActiveRecord::SchemaMigration Load (1.1ms)[0m  [1mSELECT "schema_migrations".* FROM "schema_migrations"[0m
Migrating to CreateUsers (20131113204543)
  [1m[35m (0.5ms)[0m  begin transaction
  [1m[36m (2.0ms)[0m  [1mCREATE TABLE "users" ("id" INTEGER PRIMARY KEY AUTOINCREMENT NOT NULL, "email" varchar(255), "name" varchar(255), "password_digest" varchar(255), "admin" boolean, "created_at" datetime, "updated_at" datetime) [0m
  [1m[35mSQL (4.3ms)[0m  INSERT INTO "schema_migrations" ("version") VALUES (?)  [["version", "20131113204543"]]
  [1m[36m (155.2ms)[0m  [1mcommit transaction[0m
  [1m[35mActiveRecord::SchemaMigration Load (0.5ms)[0m  SELECT "schema_migrations".* FROM "schema_migrations"


Started GET "/" for 127.0.0.1 at 2013-11-13 21:46:48 +0100
  [1m[36mActiveRecord::SchemaMigration Load (0.6ms)[0m  [1mSELECT "schema_migrations".* FROM "schema_migrations"[0m
Processing by Rails::WelcomeController#index as HTML
  Rendered /home/seba/.rvm/gems/ruby-2.0.0-p0/gems/railties-4.0.1/lib/rails/templates/rails/welcome/index.html.erb (16.3ms)
Completed 200 OK in 228ms (Views: 77.6ms | ActiveRecord: 0.0ms)


Started GET "/users" for 127.0.0.1 at 2013-11-13 21:46:59 +0100
Processing by UsersController#index as HTML
  [1m[35mUser Load (8.9ms)[0m  SELECT "users".* FROM "users"
  Rendered users/index.html.erb within layouts/application (20.8ms)
Completed 200 OK in 3516ms (Views: 3490.6ms | ActiveRecord: 8.9ms)


Started GET "/assets/application.css?body=1" for 127.0.0.1 at 2013-11-13 21:47:03 +0100


Started GET "/assets/scaffolds.css?body=1" for 127.0.0.1 at 2013-11-13 21:47:03 +0100


Started GET "/assets/users.css?body=1" for 127.0.0.1 at 2013-11-13 21:47:03 +0100


Started GET "/assets/jquery.js?body=1" for 127.0.0.1 at 2013-11-13 21:47:03 +0100


Started GET "/assets/jquery_ujs.js?body=1" for 127.0.0.1 at 2013-11-13 21:47:03 +0100


Started GET "/assets/turbolinks.js?body=1" for 127.0.0.1 at 2013-11-13 21:47:03 +0100


Started GET "/assets/users.js?body=1" for 127.0.0.1 at 2013-11-13 21:47:03 +0100


Started GET "/assets/application.js?body=1" for 127.0.0.1 at 2013-11-13 21:47:03 +0100


Started GET "/users/new" for 127.0.0.1 at 2013-11-13 21:47:10 +0100
Processing by UsersController#new as HTML
  Rendered users/_form.html.erb (185.2ms)
  Rendered users/new.html.erb within layouts/application (222.3ms)
Completed 200 OK in 247ms (Views: 240.2ms | ActiveRecord: 1.5ms)


Started GET "/users/new" for 127.0.0.1 at 2013-11-13 21:48:14 +0100
Processing by UsersController#new as HTML
  Rendered users/_form.html.erb (61.7ms)
  Rendered users/new.html.erb within layouts/application (86.9ms)
Completed 200 OK in 126ms (Views: 113.5ms | ActiveRecord: 0.0ms)


Started GET "/assets/application.css?body=1" for 127.0.0.1 at 2013-11-13 21:48:15 +0100


Started GET "/assets/scaffolds.css?body=1" for 127.0.0.1 at 2013-11-13 21:48:15 +0100


Started GET "/assets/users.css?body=1" for 127.0.0.1 at 2013-11-13 21:48:15 +0100


Started GET "/assets/jquery.js?body=1" for 127.0.0.1 at 2013-11-13 21:48:15 +0100


Started GET "/assets/jquery_ujs.js?body=1" for 127.0.0.1 at 2013-11-13 21:48:15 +0100


Started GET "/assets/users.js?body=1" for 127.0.0.1 at 2013-11-13 21:48:15 +0100


Started GET "/assets/application.js?body=1" for 127.0.0.1 at 2013-11-13 21:48:15 +0100


Started GET "/assets/users.js?body=1" for 127.0.0.1 at 2013-11-13 21:48:15 +0100


Started GET "/assets/application.js?body=1" for 127.0.0.1 at 2013-11-13 21:48:15 +0100


Started POST "/users" for 127.0.0.1 at 2013-11-13 21:48:59 +0100
Processing by UsersController#create as HTML
  Parameters: {"utf8"=>"✓", "authenticity_token"=>"zUB7LNp7mPGXs8Kiko55kNU209wWbr5Uvx/K+XG5O8Q=", "user"=>{"email"=>"sebah1989@gmail.com", "name"=>"sebah1989@gmail.com", "password"=>"[FILTERED]", "password_confirmation"=>"[FILTERED]", "admin"=>"1"}, "commit"=>"Create User"}
Completed 500 Internal Server Error in 77ms

ActiveRecord::UnknownAttributeError (unknown attribute: password):
  app/controllers/users_controller.rb:27:in `create'


  Rendered /home/seba/.rvm/gems/ruby-2.0.0-p0/gems/actionpack-4.0.1/lib/action_dispatch/middleware/templates/rescues/_source.erb (3.0ms)
  Rendered /home/seba/.rvm/gems/ruby-2.0.0-p0/gems/actionpack-4.0.1/lib/action_dispatch/middleware/templates/rescues/_trace.erb (5.4ms)
  Rendered /home/seba/.rvm/gems/ruby-2.0.0-p0/gems/actionpack-4.0.1/lib/action_dispatch/middleware/templates/rescues/_request_and_response.erb (4.7ms)
  Rendered /home/seba/.rvm/gems/ruby-2.0.0-p0/gems/actionpack-4.0.1/lib/action_dispatch/middleware/templates/rescues/diagnostics.erb within rescues/layout (75.5ms)


Started GET "/users" for 127.0.0.1 at 2013-11-13 21:50:03 +0100
  [1m[36mActiveRecord::SchemaMigration Load (0.6ms)[0m  [1mSELECT "schema_migrations".* FROM "schema_migrations"[0m
Processing by UsersController#index as HTML
Completed 500 Internal Server Error in 160ms

Gem::LoadError (can't activate bcrypt-ruby (~> 3.1.2), already activated bcrypt-ruby-3.0.1. Make sure all dependencies are added to Gemfile.):
  app/models/user.rb:2:in `<class:User>'
  app/models/user.rb:1:in `<top (required)>'
  app/controllers/users_controller.rb:7:in `index'


  Rendered /home/seba/.rvm/gems/ruby-2.0.0-p0/gems/actionpack-4.0.1/lib/action_dispatch/middleware/templates/rescues/_source.erb (3.4ms)
  Rendered /home/seba/.rvm/gems/ruby-2.0.0-p0/gems/actionpack-4.0.1/lib/action_dispatch/middleware/templates/rescues/_trace.erb (16.3ms)
  Rendered /home/seba/.rvm/gems/ruby-2.0.0-p0/gems/actionpack-4.0.1/lib/action_dispatch/middleware/templates/rescues/_request_and_response.erb (4.1ms)
  Rendered /home/seba/.rvm/gems/ruby-2.0.0-p0/gems/actionpack-4.0.1/lib/action_dispatch/middleware/templates/rescues/diagnostics.erb within rescues/layout (112.4ms)


Started GET "/users" for 127.0.0.1 at 2013-11-13 21:51:30 +0100
  [1m[36mActiveRecord::SchemaMigration Load (0.7ms)[0m  [1mSELECT "schema_migrations".* FROM "schema_migrations"[0m
Processing by UsersController#index as HTML
Completed 500 Internal Server Error in 188ms

Gem::LoadError (can't activate bcrypt-ruby (~> 3.1.2), already activated bcrypt-ruby-3.0.1. Make sure all dependencies are added to Gemfile.):
  app/models/user.rb:2:in `<class:User>'
  app/models/user.rb:1:in `<top (required)>'
  app/controllers/users_controller.rb:7:in `index'


  Rendered /home/seba/.rvm/gems/ruby-2.0.0-p0/gems/actionpack-4.0.1/lib/action_dispatch/middleware/templates/rescues/_source.erb (4.9ms)
  Rendered /home/seba/.rvm/gems/ruby-2.0.0-p0/gems/actionpack-4.0.1/lib/action_dispatch/middleware/templates/rescues/_trace.erb (6.3ms)
  Rendered /home/seba/.rvm/gems/ruby-2.0.0-p0/gems/actionpack-4.0.1/lib/action_dispatch/middleware/templates/rescues/_request_and_response.erb (4.5ms)
  Rendered /home/seba/.rvm/gems/ruby-2.0.0-p0/gems/actionpack-4.0.1/lib/action_dispatch/middleware/templates/rescues/diagnostics.erb within rescues/layout (98.4ms)


Started GET "/users" for 127.0.0.1 at 2013-11-13 21:52:02 +0100
Processing by UsersController#index as HTML
Completed 500 Internal Server Error in 20ms

Gem::LoadError (can't activate bcrypt-ruby (~> 3.1.2), already activated bcrypt-ruby-3.0.1. Make sure all dependencies are added to Gemfile.):
  app/models/user.rb:2:in `<class:User>'
  app/models/user.rb:1:in `<top (required)>'
  app/controllers/users_controller.rb:7:in `index'


  Rendered /home/seba/.rvm/gems/ruby-2.0.0-p0/gems/actionpack-4.0.1/lib/action_dispatch/middleware/templates/rescues/_source.erb (2.9ms)
  Rendered /home/seba/.rvm/gems/ruby-2.0.0-p0/gems/actionpack-4.0.1/lib/action_dispatch/middleware/templates/rescues/_trace.erb (13.9ms)
  Rendered /home/seba/.rvm/gems/ruby-2.0.0-p0/gems/actionpack-4.0.1/lib/action_dispatch/middleware/templates/rescues/_request_and_response.erb (12.7ms)
  Rendered /home/seba/.rvm/gems/ruby-2.0.0-p0/gems/actionpack-4.0.1/lib/action_dispatch/middleware/templates/rescues/diagnostics.erb within rescues/layout (107.0ms)


Started GET "/" for 127.0.0.1 at 2013-11-13 21:52:06 +0100
Processing by Rails::WelcomeController#index as HTML
  Rendered /home/seba/.rvm/gems/ruby-2.0.0-p0/gems/railties-4.0.1/lib/rails/templates/rails/welcome/index.html.erb (7.6ms)
Completed 200 OK in 34ms (Views: 28.1ms | ActiveRecord: 0.0ms)


Started GET "/users" for 127.0.0.1 at 2013-11-13 21:52:10 +0100
Processing by UsersController#index as HTML
Completed 500 Internal Server Error in 14ms

Gem::LoadError (can't activate bcrypt-ruby (~> 3.1.2), already activated bcrypt-ruby-3.0.1. Make sure all dependencies are added to Gemfile.):
  app/models/user.rb:2:in `<class:User>'
  app/models/user.rb:1:in `<top (required)>'
  app/controllers/users_controller.rb:7:in `index'


  Rendered /home/seba/.rvm/gems/ruby-2.0.0-p0/gems/actionpack-4.0.1/lib/action_dispatch/middleware/templates/rescues/_source.erb (2.9ms)
  Rendered /home/seba/.rvm/gems/ruby-2.0.0-p0/gems/actionpack-4.0.1/lib/action_dispatch/middleware/templates/rescues/_trace.erb (9.5ms)
  Rendered /home/seba/.rvm/gems/ruby-2.0.0-p0/gems/actionpack-4.0.1/lib/action_dispatch/middleware/templates/rescues/_request_and_response.erb (4.1ms)
  Rendered /home/seba/.rvm/gems/ruby-2.0.0-p0/gems/actionpack-4.0.1/lib/action_dispatch/middleware/templates/rescues/diagnostics.erb within rescues/layout (242.5ms)


Started GET "/users" for 127.0.0.1 at 2013-11-13 21:53:37 +0100
  [1m[36mActiveRecord::SchemaMigration Load (0.6ms)[0m  [1mSELECT "schema_migrations".* FROM "schema_migrations"[0m
Processing by UsersController#index as HTML
  [1m[35mUser Load (1.0ms)[0m  SELECT "users".* FROM "users"
  Rendered users/index.html.erb within layouts/application (9.6ms)
Completed 200 OK in 542ms (Views: 304.5ms | ActiveRecord: 1.0ms)


Started GET "/assets/application.css?body=1" for 127.0.0.1 at 2013-11-13 21:53:39 +0100


Started GET "/assets/scaffolds.css?body=1" for 127.0.0.1 at 2013-11-13 21:53:39 +0100


Started GET "/assets/jquery.js?body=1" for 127.0.0.1 at 2013-11-13 21:53:39 +0100


Started GET "/assets/jquery_ujs.js?body=1" for 127.0.0.1 at 2013-11-13 21:53:40 +0100


Started GET "/assets/users.css?body=1" for 127.0.0.1 at 2013-11-13 21:53:40 +0100


Started GET "/assets/turbolinks.js?body=1" for 127.0.0.1 at 2013-11-13 21:53:40 +0100


Started GET "/assets/users.js?body=1" for 127.0.0.1 at 2013-11-13 21:53:40 +0100


Started GET "/assets/application.js?body=1" for 127.0.0.1 at 2013-11-13 21:53:40 +0100


Started GET "/users/new" for 127.0.0.1 at 2013-11-13 21:53:42 +0100
Processing by UsersController#new as HTML
  Rendered users/_form.html.erb (92.3ms)
  Rendered users/new.html.erb within layouts/application (105.6ms)
Completed 200 OK in 134ms (Views: 123.7ms | ActiveRecord: 2.9ms)


Started POST "/users" for 127.0.0.1 at 2013-11-13 21:53:46 +0100
Processing by UsersController#create as HTML
  Parameters: {"utf8"=>"✓", "authenticity_token"=>"zUB7LNp7mPGXs8Kiko55kNU209wWbr5Uvx/K+XG5O8Q=", "user"=>{"email"=>"sebah1989@gmail.com", "name"=>"aa", "password"=>"[FILTERED]", "password_confirmation"=>"[FILTERED]", "admin"=>"0"}, "commit"=>"Create User"}
  [1m[36m (0.4ms)[0m  [1mbegin transaction[0m
Binary data inserted for `string` type on column `password_digest`
  [1m[35mSQL (102.8ms)[0m  INSERT INTO "users" ("admin", "created_at", "email", "name", "password_digest", "updated_at") VALUES (?, ?, ?, ?, ?, ?)  [["admin", false], ["created_at", Wed, 13 Nov 2013 20:53:47 UTC +00:00], ["email", "sebah1989@gmail.com"], ["name", "aa"], ["password_digest", "$2a$10$nbMqIUrHe6rSLQS9nWSU3OS55vM/UyPxYyBXMjJvr5kWq0xfgHRBC"], ["updated_at", Wed, 13 Nov 2013 20:53:47 UTC +00:00]]
  [1m[36m (173.7ms)[0m  [1mcommit transaction[0m
Redirected to http://localhost:3000/users/1
Completed 302 Found in 801ms (ActiveRecord: 276.8ms)


Started GET "/users/1" for 127.0.0.1 at 2013-11-13 21:53:47 +0100
Processing by UsersController#show as HTML
  Parameters: {"id"=>"1"}
  [1m[35mUser Load (0.9ms)[0m  SELECT "users".* FROM "users" WHERE "users"."id" = ? LIMIT 1  [["id", "1"]]
  Rendered users/show.html.erb within layouts/application (4.1ms)
Completed 200 OK in 54ms (Views: 39.0ms | ActiveRecord: 0.9ms)


Started GET "/assets/application.css?body=1" for 127.0.0.1 at 2013-11-13 21:53:47 +0100


Started GET "/assets/users.css?body=1" for 127.0.0.1 at 2013-11-13 21:53:48 +0100


Started GET "/assets/scaffolds.css?body=1" for 127.0.0.1 at 2013-11-13 21:53:48 +0100


Started GET "/assets/jquery.js?body=1" for 127.0.0.1 at 2013-11-13 21:53:48 +0100


Started GET "/assets/jquery_ujs.js?body=1" for 127.0.0.1 at 2013-11-13 21:53:48 +0100


Started GET "/assets/users.js?body=1" for 127.0.0.1 at 2013-11-13 21:53:48 +0100


Started GET "/assets/turbolinks.js?body=1" for 127.0.0.1 at 2013-11-13 21:53:48 +0100


Started GET "/assets/application.js?body=1" for 127.0.0.1 at 2013-11-13 21:53:48 +0100


Started GET "/users" for 127.0.0.1 at 2013-11-13 21:53:51 +0100
Processing by UsersController#index as HTML
  [1m[36mUser Load (0.7ms)[0m  [1mSELECT "users".* FROM "users"[0m
  Rendered users/index.html.erb within layouts/application (9.4ms)
Completed 200 OK in 33ms (Views: 29.8ms | ActiveRecord: 0.7ms)


Started GET "/sessions/new" for 127.0.0.1 at 2013-11-13 21:56:51 +0100
  [1m[36mActiveRecord::SchemaMigration Load (0.7ms)[0m  [1mSELECT "schema_migrations".* FROM "schema_migrations"[0m
Processing by SessionsController#new as HTML
  Rendered sessions/new.html.erb within layouts/application (7.9ms)
Completed 200 OK in 1642ms (Views: 1501.3ms | ActiveRecord: 0.0ms)


Started GET "/assets/application.css?body=1" for 127.0.0.1 at 2013-11-13 21:56:55 +0100


Started GET "/assets/scaffolds.css?body=1" for 127.0.0.1 at 2013-11-13 21:56:55 +0100


Started GET "/assets/sessions.css?body=1" for 127.0.0.1 at 2013-11-13 21:56:55 +0100


Started GET "/assets/users.css?body=1" for 127.0.0.1 at 2013-11-13 21:56:55 +0100


Started GET "/assets/jquery.js?body=1" for 127.0.0.1 at 2013-11-13 21:56:55 +0100


Started GET "/assets/jquery_ujs.js?body=1" for 127.0.0.1 at 2013-11-13 21:56:55 +0100


Started GET "/assets/turbolinks.js?body=1" for 127.0.0.1 at 2013-11-13 21:56:55 +0100


Started GET "/assets/sessions.js?body=1" for 127.0.0.1 at 2013-11-13 21:56:55 +0100


Started GET "/assets/users.js?body=1" for 127.0.0.1 at 2013-11-13 21:56:55 +0100


Started GET "/assets/application.js?body=1" for 127.0.0.1 at 2013-11-13 21:56:55 +0100


Started GET "/users" for 127.0.0.1 at 2013-11-13 21:57:06 +0100
Processing by UsersController#index as HTML
  [1m[35mUser Load (7.8ms)[0m  SELECT "users".* FROM "users"
  Rendered users/index.html.erb within layouts/application (84.9ms)
Completed 200 OK in 237ms (Views: 137.3ms | ActiveRecord: 13.9ms)


Started GET "/assets/application.css?body=1" for 127.0.0.1 at 2013-11-13 21:57:07 +0100


Started GET "/assets/scaffolds.css?body=1" for 127.0.0.1 at 2013-11-13 21:57:07 +0100


Started GET "/assets/sessions.css?body=1" for 127.0.0.1 at 2013-11-13 21:57:07 +0100


Started GET "/assets/jquery.js?body=1" for 127.0.0.1 at 2013-11-13 21:57:07 +0100


Started GET "/assets/jquery_ujs.js?body=1" for 127.0.0.1 at 2013-11-13 21:57:07 +0100


Started GET "/assets/users.css?body=1" for 127.0.0.1 at 2013-11-13 21:57:07 +0100


Started GET "/assets/sessions.js?body=1" for 127.0.0.1 at 2013-11-13 21:57:07 +0100


Started GET "/assets/turbolinks.js?body=1" for 127.0.0.1 at 2013-11-13 21:57:07 +0100


Started GET "/assets/users.js?body=1" for 127.0.0.1 at 2013-11-13 21:57:07 +0100


Started GET "/assets/application.js?body=1" for 127.0.0.1 at 2013-11-13 21:57:07 +0100


Started GET "/sessions/new" for 127.0.0.1 at 2013-11-13 21:57:15 +0100
Processing by SessionsController#new as HTML
  Rendered sessions/new.html.erb within layouts/application (2.6ms)
Completed 200 OK in 60ms (Views: 56.3ms | ActiveRecord: 0.0ms)


Started GET "/assets/application.css?body=1" for 127.0.0.1 at 2013-11-13 21:57:15 +0100


Started GET "/assets/scaffolds.css?body=1" for 127.0.0.1 at 2013-11-13 21:57:15 +0100


Started GET "/assets/sessions.css?body=1" for 127.0.0.1 at 2013-11-13 21:57:15 +0100


Started GET "/assets/jquery.js?body=1" for 127.0.0.1 at 2013-11-13 21:57:15 +0100


Started GET "/assets/jquery_ujs.js?body=1" for 127.0.0.1 at 2013-11-13 21:57:15 +0100


Started GET "/assets/turbolinks.js?body=1" for 127.0.0.1 at 2013-11-13 21:57:15 +0100


Started GET "/assets/users.css?body=1" for 127.0.0.1 at 2013-11-13 21:57:15 +0100


Started GET "/assets/sessions.js?body=1" for 127.0.0.1 at 2013-11-13 21:57:15 +0100


Started GET "/assets/application.js?body=1" for 127.0.0.1 at 2013-11-13 21:57:16 +0100


Started GET "/assets/users.js?body=1" for 127.0.0.1 at 2013-11-13 21:57:16 +0100


Started POST "/sessions/new" for 127.0.0.1 at 2013-11-13 21:57:27 +0100

ActionController::RoutingError (No route matches [POST] "/sessions/new"):
  actionpack (4.0.1) lib/action_dispatch/middleware/debug_exceptions.rb:21:in `call'
  actionpack (4.0.1) lib/action_dispatch/middleware/show_exceptions.rb:30:in `call'
  railties (4.0.1) lib/rails/rack/logger.rb:38:in `call_app'
  railties (4.0.1) lib/rails/rack/logger.rb:20:in `block in call'
  activesupport (4.0.1) lib/active_support/tagged_logging.rb:67:in `block in tagged'
  activesupport (4.0.1) lib/active_support/tagged_logging.rb:25:in `tagged'
  activesupport (4.0.1) lib/active_support/tagged_logging.rb:67:in `tagged'
  railties (4.0.1) lib/rails/rack/logger.rb:20:in `call'
  actionpack (4.0.1) lib/action_dispatch/middleware/request_id.rb:21:in `call'
  rack (1.5.2) lib/rack/methodoverride.rb:21:in `call'
  rack (1.5.2) lib/rack/runtime.rb:17:in `call'
  activesupport (4.0.1) lib/active_support/cache/strategy/local_cache.rb:83:in `call'
  rack (1.5.2) lib/rack/lock.rb:17:in `call'
  actionpack (4.0.1) lib/action_dispatch/middleware/static.rb:64:in `call'
  rack (1.5.2) lib/rack/sendfile.rb:112:in `call'
  railties (4.0.1) lib/rails/engine.rb:511:in `call'
  railties (4.0.1) lib/rails/application.rb:97:in `call'
  rack (1.5.2) lib/rack/lock.rb:17:in `call'
  rack (1.5.2) lib/rack/content_length.rb:14:in `call'
  rack (1.5.2) lib/rack/handler/webrick.rb:60:in `service'
  /home/seba/.rvm/rubies/ruby-2.0.0-p0/lib/ruby/2.0.0/webrick/httpserver.rb:138:in `service'
  /home/seba/.rvm/rubies/ruby-2.0.0-p0/lib/ruby/2.0.0/webrick/httpserver.rb:94:in `run'
  /home/seba/.rvm/rubies/ruby-2.0.0-p0/lib/ruby/2.0.0/webrick/server.rb:295:in `block in start_thread'


  Rendered /home/seba/.rvm/gems/ruby-2.0.0-p0/gems/actionpack-4.0.1/lib/action_dispatch/middleware/templates/rescues/_trace.erb (7.4ms)
  Rendered /home/seba/.rvm/gems/ruby-2.0.0-p0/gems/actionpack-4.0.1/lib/action_dispatch/middleware/templates/routes/_route.html.erb (9.1ms)
  Rendered /home/seba/.rvm/gems/ruby-2.0.0-p0/gems/actionpack-4.0.1/lib/action_dispatch/middleware/templates/routes/_table.html.erb (38.5ms)
  Rendered /home/seba/.rvm/gems/ruby-2.0.0-p0/gems/actionpack-4.0.1/lib/action_dispatch/middleware/templates/rescues/routing_error.erb within rescues/layout (195.2ms)


Started GET "/sessions/new" for 127.0.0.1 at 2013-11-13 21:57:51 +0100
Processing by SessionsController#new as HTML
  Rendered sessions/new.html.erb within layouts/application (62.8ms)
Completed 500 Internal Server Error in 73ms

ActionView::Template::Error (undefined local variable or method `sessions_new_path' for #<#<Class:0xb66b98b8>:0xb66b928c>):
    1: <div class="container">
    2:      <%= form_tag sessions_new_path, class: "form-signin" %>
    3:      <h2 class="form-signin-heading">Zaloguj się!</h2>
    4:      <%= text_field_tag :email, params[:email], placeholder: "Email..", class: "form-control", autocomplete: :off %>
    5:      <%= password_field_tag :password, nil, placeholder: "Wpisz hasło..", class: "form-control", autocomplete: :off %>
  app/views/sessions/new.html.erb:2:in `_app_views_sessions_new_html_erb__760995997__618206118'


  Rendered /home/seba/.rvm/gems/ruby-2.0.0-p0/gems/actionpack-4.0.1/lib/action_dispatch/middleware/templates/rescues/_trace.erb (6.4ms)
  Rendered /home/seba/.rvm/gems/ruby-2.0.0-p0/gems/actionpack-4.0.1/lib/action_dispatch/middleware/templates/rescues/_request_and_response.erb (9.4ms)
  Rendered /home/seba/.rvm/gems/ruby-2.0.0-p0/gems/actionpack-4.0.1/lib/action_dispatch/middleware/templates/rescues/template_error.erb within rescues/layout (57.1ms)


Started GET "/sessions/new" for 127.0.0.1 at 2013-11-13 21:58:46 +0100
Processing by SessionsController#new as HTML
  Rendered sessions/new.html.erb within layouts/application (4.7ms)
Completed 200 OK in 63ms (Views: 56.3ms | ActiveRecord: 0.0ms)


Started GET "/assets/application.css?body=1" for 127.0.0.1 at 2013-11-13 21:58:47 +0100


Started GET "/assets/scaffolds.css?body=1" for 127.0.0.1 at 2013-11-13 21:58:47 +0100


Started GET "/assets/sessions.css?body=1" for 127.0.0.1 at 2013-11-13 21:58:47 +0100


Started GET "/assets/turbolinks.js?body=1" for 127.0.0.1 at 2013-11-13 21:58:47 +0100


Started GET "/assets/users.css?body=1" for 127.0.0.1 at 2013-11-13 21:58:47 +0100


Started GET "/assets/sessions.js?body=1" for 127.0.0.1 at 2013-11-13 21:58:47 +0100


Started GET "/assets/users.js?body=1" for 127.0.0.1 at 2013-11-13 21:58:47 +0100


Started GET "/assets/jquery_ujs.js?body=1" for 127.0.0.1 at 2013-11-13 21:58:47 +0100


Started GET "/assets/jquery.js?body=1" for 127.0.0.1 at 2013-11-13 21:58:47 +0100


Started GET "/assets/application.js?body=1" for 127.0.0.1 at 2013-11-13 21:58:47 +0100


Started POST "/sessions" for 127.0.0.1 at 2013-11-13 21:58:59 +0100
Processing by SessionsController#create as HTML
  Parameters: {"utf8"=>"✓", "authenticity_token"=>"zUB7LNp7mPGXs8Kiko55kNU209wWbr5Uvx/K+XG5O8Q=", "email"=>"sebah1989@gmail.com", "password"=>"[FILTERED]", "commit"=>"Zaloguj"}
  [1m[36mUser Load (0.7ms)[0m  [1mSELECT "users".* FROM "users" WHERE "users"."email" = 'sebah1989@gmail.com' LIMIT 1[0m
Redirected to http://localhost:3000/users
Completed 302 Found in 550ms (ActiveRecord: 4.6ms)


Started GET "/users" for 127.0.0.1 at 2013-11-13 21:59:00 +0100
Processing by UsersController#index as HTML
  [1m[35mUser Load (0.8ms)[0m  SELECT "users".* FROM "users"
  Rendered users/index.html.erb within layouts/application (8.5ms)
Completed 200 OK in 37ms (Views: 31.2ms | ActiveRecord: 0.8ms)


Started GET "/assets/application.css?body=1" for 127.0.0.1 at 2013-11-13 21:59:00 +0100


Started GET "/assets/scaffolds.css?body=1" for 127.0.0.1 at 2013-11-13 21:59:00 +0100


Started GET "/assets/sessions.css?body=1" for 127.0.0.1 at 2013-11-13 21:59:00 +0100


Started GET "/assets/users.css?body=1" for 127.0.0.1 at 2013-11-13 21:59:00 +0100


Started GET "/assets/jquery.js?body=1" for 127.0.0.1 at 2013-11-13 21:59:01 +0100


Started GET "/assets/jquery_ujs.js?body=1" for 127.0.0.1 at 2013-11-13 21:59:01 +0100


Started GET "/assets/turbolinks.js?body=1" for 127.0.0.1 at 2013-11-13 21:59:01 +0100


Started GET "/assets/sessions.js?body=1" for 127.0.0.1 at 2013-11-13 21:59:01 +0100


Started GET "/assets/users.js?body=1" for 127.0.0.1 at 2013-11-13 21:59:01 +0100


Started GET "/assets/application.js?body=1" for 127.0.0.1 at 2013-11-13 21:59:01 +0100


Started GET "/sessions/destroy" for 127.0.0.1 at 2013-11-13 21:59:13 +0100

AbstractController::ActionNotFound (The action 'show' could not be found for SessionsController):
  actionpack (4.0.1) lib/abstract_controller/base.rb:131:in `process'
  actionpack (4.0.1) lib/abstract_controller/rendering.rb:44:in `process'
  actionpack (4.0.1) lib/action_controller/metal.rb:195:in `dispatch'
  actionpack (4.0.1) lib/action_controller/metal/rack_delegation.rb:13:in `dispatch'
  actionpack (4.0.1) lib/action_controller/metal.rb:231:in `block in action'
  actionpack (4.0.1) lib/action_dispatch/routing/route_set.rb:80:in `call'
  actionpack (4.0.1) lib/action_dispatch/routing/route_set.rb:80:in `dispatch'
  actionpack (4.0.1) lib/action_dispatch/routing/route_set.rb:48:in `call'
  actionpack (4.0.1) lib/action_dispatch/journey/router.rb:71:in `block in call'
  actionpack (4.0.1) lib/action_dispatch/journey/router.rb:59:in `each'
  actionpack (4.0.1) lib/action_dispatch/journey/router.rb:59:in `call'
  actionpack (4.0.1) lib/action_dispatch/routing/route_set.rb:680:in `call'
  rack (1.5.2) lib/rack/etag.rb:23:in `call'
  rack (1.5.2) lib/rack/conditionalget.rb:25:in `call'
  rack (1.5.2) lib/rack/head.rb:11:in `call'
  actionpack (4.0.1) lib/action_dispatch/middleware/params_parser.rb:27:in `call'
  actionpack (4.0.1) lib/action_dispatch/middleware/flash.rb:241:in `call'
  rack (1.5.2) lib/rack/session/abstract/id.rb:225:in `context'
  rack (1.5.2) lib/rack/session/abstract/id.rb:220:in `call'
  actionpack (4.0.1) lib/action_dispatch/middleware/cookies.rb:486:in `call'
  activerecord (4.0.1) lib/active_record/query_cache.rb:36:in `call'
  activerecord (4.0.1) lib/active_record/connection_adapters/abstract/connection_pool.rb:626:in `call'
  activerecord (4.0.1) lib/active_record/migration.rb:369:in `call'
  actionpack (4.0.1) lib/action_dispatch/middleware/callbacks.rb:29:in `block in call'
  activesupport (4.0.1) lib/active_support/callbacks.rb:373:in `_run__859912691__call__callbacks'
  activesupport (4.0.1) lib/active_support/callbacks.rb:80:in `run_callbacks'
  actionpack (4.0.1) lib/action_dispatch/middleware/callbacks.rb:27:in `call'
  actionpack (4.0.1) lib/action_dispatch/middleware/reloader.rb:64:in `call'
  actionpack (4.0.1) lib/action_dispatch/middleware/remote_ip.rb:76:in `call'
  actionpack (4.0.1) lib/action_dispatch/middleware/debug_exceptions.rb:17:in `call'
  actionpack (4.0.1) lib/action_dispatch/middleware/show_exceptions.rb:30:in `call'
  railties (4.0.1) lib/rails/rack/logger.rb:38:in `call_app'
  railties (4.0.1) lib/rails/rack/logger.rb:20:in `block in call'
  activesupport (4.0.1) lib/active_support/tagged_logging.rb:67:in `block in tagged'
  activesupport (4.0.1) lib/active_support/tagged_logging.rb:25:in `tagged'
  activesupport (4.0.1) lib/active_support/tagged_logging.rb:67:in `tagged'
  railties (4.0.1) lib/rails/rack/logger.rb:20:in `call'
  actionpack (4.0.1) lib/action_dispatch/middleware/request_id.rb:21:in `call'
  rack (1.5.2) lib/rack/methodoverride.rb:21:in `call'
  rack (1.5.2) lib/rack/runtime.rb:17:in `call'
  activesupport (4.0.1) lib/active_support/cache/strategy/local_cache.rb:83:in `call'
  rack (1.5.2) lib/rack/lock.rb:17:in `call'
  actionpack (4.0.1) lib/action_dispatch/middleware/static.rb:64:in `call'
  rack (1.5.2) lib/rack/sendfile.rb:112:in `call'
  railties (4.0.1) lib/rails/engine.rb:511:in `call'
  railties (4.0.1) lib/rails/application.rb:97:in `call'
  rack (1.5.2) lib/rack/lock.rb:17:in `call'
  rack (1.5.2) lib/rack/content_length.rb:14:in `call'
  rack (1.5.2) lib/rack/handler/webrick.rb:60:in `service'
  /home/seba/.rvm/rubies/ruby-2.0.0-p0/lib/ruby/2.0.0/webrick/httpserver.rb:138:in `service'
  /home/seba/.rvm/rubies/ruby-2.0.0-p0/lib/ruby/2.0.0/webrick/httpserver.rb:94:in `run'
  /home/seba/.rvm/rubies/ruby-2.0.0-p0/lib/ruby/2.0.0/webrick/server.rb:295:in `block in start_thread'


  Rendered /home/seba/.rvm/gems/ruby-2.0.0-p0/gems/actionpack-4.0.1/lib/action_dispatch/middleware/templates/rescues/unknown_action.erb within rescues/layout (6.6ms)


Started GET "/zaloguj" for 127.0.0.1 at 2013-11-13 22:00:40 +0100
Processing by SessionsController#new as HTML
  Rendered sessions/new.html.erb within layouts/application (2.8ms)
Completed 200 OK in 43ms (Views: 39.3ms | ActiveRecord: 0.0ms)


Started GET "/assets/application.css?body=1" for 127.0.0.1 at 2013-11-13 22:00:41 +0100


Started GET "/assets/scaffolds.css?body=1" for 127.0.0.1 at 2013-11-13 22:00:41 +0100


Started GET "/assets/sessions.css?body=1" for 127.0.0.1 at 2013-11-13 22:00:41 +0100


Started GET "/assets/users.css?body=1" for 127.0.0.1 at 2013-11-13 22:00:41 +0100


Started GET "/assets/turbolinks.js?body=1" for 127.0.0.1 at 2013-11-13 22:00:41 +0100


Started GET "/assets/sessions.js?body=1" for 127.0.0.1 at 2013-11-13 22:00:41 +0100


Started GET "/assets/jquery_ujs.js?body=1" for 127.0.0.1 at 2013-11-13 22:00:41 +0100


Started GET "/assets/jquery.js?body=1" for 127.0.0.1 at 2013-11-13 22:00:41 +0100


Started GET "/assets/users.js?body=1" for 127.0.0.1 at 2013-11-13 22:00:41 +0100


Started GET "/assets/application.js?body=1" for 127.0.0.1 at 2013-11-13 22:00:41 +0100


Started POST "/sessions" for 127.0.0.1 at 2013-11-13 22:00:53 +0100
Processing by SessionsController#create as HTML
  Parameters: {"utf8"=>"✓", "authenticity_token"=>"zUB7LNp7mPGXs8Kiko55kNU209wWbr5Uvx/K+XG5O8Q=", "email"=>"sebah1989@gmail.com", "password"=>"[FILTERED]", "commit"=>"Zaloguj"}
  [1m[36mUser Load (0.8ms)[0m  [1mSELECT "users".* FROM "users" WHERE "users"."email" = 'sebah1989@gmail.com' LIMIT 1[0m
Redirected to http://localhost:3000/users
Completed 302 Found in 505ms (ActiveRecord: 2.8ms)


Started GET "/users" for 127.0.0.1 at 2013-11-13 22:00:54 +0100
Processing by UsersController#index as HTML
  [1m[35mUser Load (0.7ms)[0m  SELECT "users".* FROM "users"
  Rendered users/index.html.erb within layouts/application (8.1ms)
Completed 200 OK in 36ms (Views: 31.5ms | ActiveRecord: 0.7ms)


Started GET "/assets/application.css?body=1" for 127.0.0.1 at 2013-11-13 22:00:54 +0100


Started GET "/assets/users.css?body=1" for 127.0.0.1 at 2013-11-13 22:00:54 +0100


Started GET "/assets/scaffolds.css?body=1" for 127.0.0.1 at 2013-11-13 22:00:54 +0100


Started GET "/assets/sessions.css?body=1" for 127.0.0.1 at 2013-11-13 22:00:54 +0100


Started GET "/assets/jquery.js?body=1" for 127.0.0.1 at 2013-11-13 22:00:54 +0100


Started GET "/assets/turbolinks.js?body=1" for 127.0.0.1 at 2013-11-13 22:00:54 +0100


Started GET "/assets/jquery_ujs.js?body=1" for 127.0.0.1 at 2013-11-13 22:00:54 +0100


Started GET "/assets/sessions.js?body=1" for 127.0.0.1 at 2013-11-13 22:00:54 +0100


Started GET "/assets/users.js?body=1" for 127.0.0.1 at 2013-11-13 22:00:54 +0100


Started GET "/assets/application.js?body=1" for 127.0.0.1 at 2013-11-13 22:00:54 +0100


Started GET "/wyloguj" for 127.0.0.1 at 2013-11-13 22:00:58 +0100
Processing by SessionsController#destroy as HTML
Redirected to http://localhost:3000/users
Completed 302 Found in 12ms (ActiveRecord: 0.0ms)


Started GET "/users" for 127.0.0.1 at 2013-11-13 22:00:58 +0100
Processing by UsersController#index as HTML
  [1m[36mUser Load (0.6ms)[0m  [1mSELECT "users".* FROM "users"[0m
  Rendered users/index.html.erb within layouts/application (21.5ms)
Completed 200 OK in 70ms (Views: 66.9ms | ActiveRecord: 0.6ms)


Started GET "/assets/application.css?body=1" for 127.0.0.1 at 2013-11-13 22:00:59 +0100


Started GET "/assets/scaffolds.css?body=1" for 127.0.0.1 at 2013-11-13 22:00:59 +0100


Started GET "/assets/users.css?body=1" for 127.0.0.1 at 2013-11-13 22:00:59 +0100


Started GET "/assets/jquery.js?body=1" for 127.0.0.1 at 2013-11-13 22:00:59 +0100


Started GET "/assets/sessions.css?body=1" for 127.0.0.1 at 2013-11-13 22:00:59 +0100


Started GET "/assets/jquery_ujs.js?body=1" for 127.0.0.1 at 2013-11-13 22:00:59 +0100


Started GET "/assets/turbolinks.js?body=1" for 127.0.0.1 at 2013-11-13 22:00:59 +0100


Started GET "/assets/sessions.js?body=1" for 127.0.0.1 at 2013-11-13 22:00:59 +0100


Started GET "/assets/users.js?body=1" for 127.0.0.1 at 2013-11-13 22:00:59 +0100


Started GET "/assets/application.js?body=1" for 127.0.0.1 at 2013-11-13 22:00:59 +0100


Started GET "/" for 127.0.0.1 at 2013-11-13 22:28:52 +0100
  [1m[36mActiveRecord::SchemaMigration Load (0.7ms)[0m  [1mSELECT "schema_migrations".* FROM "schema_migrations"[0m
Processing by UsersController#index as HTML
  [1m[35mUser Load (0.9ms)[0m  SELECT "users".* FROM "users"
  Rendered users/index.html.erb within layouts/application (60.8ms)
Completed 200 OK in 586ms (Views: 384.7ms | ActiveRecord: 2.3ms)


Started GET "/assets/application.css?body=1" for 127.0.0.1 at 2013-11-13 22:28:54 +0100


Started GET "/assets/sessions.css?body=1" for 127.0.0.1 at 2013-11-13 22:28:54 +0100


Started GET "/assets/scaffolds.css?body=1" for 127.0.0.1 at 2013-11-13 22:28:54 +0100


Started GET "/assets/users.css?body=1" for 127.0.0.1 at 2013-11-13 22:28:54 +0100


Started GET "/assets/jquery.js?body=1" for 127.0.0.1 at 2013-11-13 22:28:54 +0100


Started GET "/assets/jquery_ujs.js?body=1" for 127.0.0.1 at 2013-11-13 22:28:54 +0100


Started GET "/assets/turbolinks.js?body=1" for 127.0.0.1 at 2013-11-13 22:28:54 +0100


Started GET "/assets/sessions.js?body=1" for 127.0.0.1 at 2013-11-13 22:28:54 +0100


Started GET "/assets/users.js?body=1" for 127.0.0.1 at 2013-11-13 22:28:54 +0100


Started GET "/assets/application.js?body=1" for 127.0.0.1 at 2013-11-13 22:28:54 +0100


Started GET "/system_zgloszen/" for 127.0.0.1 at 2013-11-13 22:29:07 +0100

ActionController::RoutingError (No route matches [GET] "/system_zgloszen"):
  actionpack (4.0.1) lib/action_dispatch/middleware/debug_exceptions.rb:21:in `call'
  actionpack (4.0.1) lib/action_dispatch/middleware/show_exceptions.rb:30:in `call'
  railties (4.0.1) lib/rails/rack/logger.rb:38:in `call_app'
  railties (4.0.1) lib/rails/rack/logger.rb:20:in `block in call'
  activesupport (4.0.1) lib/active_support/tagged_logging.rb:67:in `block in tagged'
  activesupport (4.0.1) lib/active_support/tagged_logging.rb:25:in `tagged'
  activesupport (4.0.1) lib/active_support/tagged_logging.rb:67:in `tagged'
  railties (4.0.1) lib/rails/rack/logger.rb:20:in `call'
  actionpack (4.0.1) lib/action_dispatch/middleware/request_id.rb:21:in `call'
  rack (1.5.2) lib/rack/methodoverride.rb:21:in `call'
  rack (1.5.2) lib/rack/runtime.rb:17:in `call'
  activesupport (4.0.1) lib/active_support/cache/strategy/local_cache.rb:83:in `call'
  rack (1.5.2) lib/rack/lock.rb:17:in `call'
  actionpack (4.0.1) lib/action_dispatch/middleware/static.rb:64:in `call'
  rack (1.5.2) lib/rack/sendfile.rb:112:in `call'
  railties (4.0.1) lib/rails/engine.rb:511:in `call'
  railties (4.0.1) lib/rails/application.rb:97:in `call'
  rack (1.5.2) lib/rack/lock.rb:17:in `call'
  rack (1.5.2) lib/rack/content_length.rb:14:in `call'
  rack (1.5.2) lib/rack/handler/webrick.rb:60:in `service'
  /home/seba/.rvm/rubies/ruby-2.0.0-p0/lib/ruby/2.0.0/webrick/httpserver.rb:138:in `service'
  /home/seba/.rvm/rubies/ruby-2.0.0-p0/lib/ruby/2.0.0/webrick/httpserver.rb:94:in `run'
  /home/seba/.rvm/rubies/ruby-2.0.0-p0/lib/ruby/2.0.0/webrick/server.rb:295:in `block in start_thread'


  Rendered /home/seba/.rvm/gems/ruby-2.0.0-p0/gems/actionpack-4.0.1/lib/action_dispatch/middleware/templates/rescues/_trace.erb (16.9ms)
  Rendered /home/seba/.rvm/gems/ruby-2.0.0-p0/gems/actionpack-4.0.1/lib/action_dispatch/middleware/templates/routes/_route.html.erb (20.7ms)
  Rendered /home/seba/.rvm/gems/ruby-2.0.0-p0/gems/actionpack-4.0.1/lib/action_dispatch/middleware/templates/routes/_table.html.erb (15.7ms)
  Rendered /home/seba/.rvm/gems/ruby-2.0.0-p0/gems/actionpack-4.0.1/lib/action_dispatch/middleware/templates/rescues/routing_error.erb within rescues/layout (224.3ms)


Started GET "/" for 127.0.0.1 at 2013-11-13 22:29:19 +0100
Processing by UsersController#index as HTML
  [1m[36mUser Load (0.7ms)[0m  [1mSELECT "users".* FROM "users"[0m
  Rendered users/index.html.erb within layouts/application (12.7ms)
Completed 200 OK in 70ms (Views: 67.1ms | ActiveRecord: 0.7ms)


Started GET "/assets/application.css?body=1" for 127.0.0.1 at 2013-11-13 22:29:19 +0100


Started GET "/assets/sessions.css?body=1" for 127.0.0.1 at 2013-11-13 22:29:19 +0100


Started GET "/assets/scaffolds.css?body=1" for 127.0.0.1 at 2013-11-13 22:29:19 +0100


Started GET "/assets/users.css?body=1" for 127.0.0.1 at 2013-11-13 22:29:19 +0100


Started GET "/assets/jquery.js?body=1" for 127.0.0.1 at 2013-11-13 22:29:19 +0100


Started GET "/assets/jquery_ujs.js?body=1" for 127.0.0.1 at 2013-11-13 22:29:19 +0100


Started GET "/assets/turbolinks.js?body=1" for 127.0.0.1 at 2013-11-13 22:29:19 +0100


Started GET "/assets/sessions.js?body=1" for 127.0.0.1 at 2013-11-13 22:29:19 +0100


Started GET "/assets/users.js?body=1" for 127.0.0.1 at 2013-11-13 22:29:19 +0100


Started GET "/assets/application.js?body=1" for 127.0.0.1 at 2013-11-13 22:29:20 +0100


Started DELETE "/users/1" for 127.0.0.1 at 2013-11-13 22:29:29 +0100
Processing by UsersController#destroy as HTML
  Parameters: {"authenticity_token"=>"zUB7LNp7mPGXs8Kiko55kNU209wWbr5Uvx/K+XG5O8Q=", "id"=>"1"}
  [1m[35mUser Load (0.9ms)[0m  SELECT "users".* FROM "users" WHERE "users"."id" = ? LIMIT 1  [["id", "1"]]
  [1m[36m (0.3ms)[0m  [1mbegin transaction[0m
  [1m[35mSQL (14.7ms)[0m  DELETE FROM "users" WHERE "users"."id" = ?  [["id", 1]]
  [1m[36m (244.0ms)[0m  [1mcommit transaction[0m
Redirected to http://localhost:3000/users
Completed 302 Found in 306ms (ActiveRecord: 259.9ms)


Started GET "/users" for 127.0.0.1 at 2013-11-13 22:29:29 +0100
Processing by UsersController#index as HTML
  [1m[35mUser Load (5.0ms)[0m  SELECT "users".* FROM "users"
  Rendered users/index.html.erb within layouts/application (7.6ms)
Completed 200 OK in 55ms (Views: 40.1ms | ActiveRecord: 5.0ms)


Started GET "/assets/application.css?body=1" for 127.0.0.1 at 2013-11-13 22:29:29 +0100


Started GET "/assets/sessions.css?body=1" for 127.0.0.1 at 2013-11-13 22:29:30 +0100


Started GET "/assets/scaffolds.css?body=1" for 127.0.0.1 at 2013-11-13 22:29:30 +0100


Started GET "/assets/users.css?body=1" for 127.0.0.1 at 2013-11-13 22:29:30 +0100


Started GET "/assets/jquery.js?body=1" for 127.0.0.1 at 2013-11-13 22:29:30 +0100


Started GET "/assets/jquery_ujs.js?body=1" for 127.0.0.1 at 2013-11-13 22:29:30 +0100


Started GET "/assets/turbolinks.js?body=1" for 127.0.0.1 at 2013-11-13 22:29:30 +0100


Started GET "/assets/sessions.js?body=1" for 127.0.0.1 at 2013-11-13 22:29:30 +0100


Started GET "/assets/users.js?body=1" for 127.0.0.1 at 2013-11-13 22:29:30 +0100


Started GET "/assets/application.js?body=1" for 127.0.0.1 at 2013-11-13 22:29:30 +0100
